<?xml version="1.0" encoding="UTF-8"?>
<testng-results skipped="0" failed="2" ignored="0" total="8" passed="6">
  <reporter-output>
  </reporter-output>
  <suite name="GPTL_Bank_V1" duration-ms="150121" started-at="2023-09-08T04:34:08Z" finished-at="2023-09-08T04:36:38Z">
    <groups>
    </groups>
    <test name="BankingApp Test" duration-ms="150121" started-at="2023-09-08T04:34:08Z" finished-at="2023-09-08T04:36:38Z">
      <class name="com.gtplbanking.testCases.TC_LoginTest_001">
        <test-method status="PASS" signature="setUp(java.lang.String)[pri:0, instance:com.gtplbanking.testCases.TC_LoginTest_001@56ef9176]" name="setUp" is-config="true" duration-ms="17892" started-at="2023-09-08T10:04:08Z" finished-at="2023-09-08T10:04:26Z">
          <params>
            <param index="0">
              <value>
                <![CDATA[chrome]]>
              </value>
            </param>
          </params>
          <reporter-output>
          </reporter-output>
        </test-method> <!-- setUp -->
        <test-method status="PASS" signature="loginTest()[pri:0, instance:com.gtplbanking.testCases.TC_LoginTest_001@56ef9176]" name="loginTest" duration-ms="3238" started-at="2023-09-08T10:04:26Z" finished-at="2023-09-08T10:04:29Z">
          <reporter-output>
          </reporter-output>
        </test-method> <!-- loginTest -->
        <test-method status="PASS" signature="tearDown()[pri:0, instance:com.gtplbanking.testCases.TC_LoginTest_001@56ef9176]" name="tearDown" is-config="true" duration-ms="1735" started-at="2023-09-08T10:04:29Z" finished-at="2023-09-08T10:04:31Z">
          <reporter-output>
          </reporter-output>
        </test-method> <!-- tearDown -->
      </class> <!-- com.gtplbanking.testCases.TC_LoginTest_001 -->
      <class name="com.gtplbanking.testCases.TC_AddCustomerTest_003">
        <test-method status="PASS" signature="setUp(java.lang.String)[pri:0, instance:com.gtplbanking.testCases.TC_AddCustomerTest_003@1ed4004b]" name="setUp" is-config="true" duration-ms="14033" started-at="2023-09-08T10:05:39Z" finished-at="2023-09-08T10:05:53Z">
          <params>
            <param index="0">
              <value>
                <![CDATA[chrome]]>
              </value>
            </param>
          </params>
          <reporter-output>
          </reporter-output>
        </test-method> <!-- setUp -->
        <test-method status="PASS" signature="addNewCustomer()[pri:0, instance:com.gtplbanking.testCases.TC_AddCustomerTest_003@1ed4004b]" name="addNewCustomer" duration-ms="19690" started-at="2023-09-08T10:05:53Z" finished-at="2023-09-08T10:06:13Z">
          <reporter-output>
          </reporter-output>
        </test-method> <!-- addNewCustomer -->
        <test-method status="PASS" signature="tearDown()[pri:0, instance:com.gtplbanking.testCases.TC_AddCustomerTest_003@1ed4004b]" name="tearDown" is-config="true" duration-ms="1657" started-at="2023-09-08T10:06:13Z" finished-at="2023-09-08T10:06:14Z">
          <reporter-output>
          </reporter-output>
        </test-method> <!-- tearDown -->
      </class> <!-- com.gtplbanking.testCases.TC_AddCustomerTest_003 -->
      <class name="com.gtplbanking.testCases.TC_DeleteCustomerTest_004">
        <test-method status="PASS" signature="setUp(java.lang.String)[pri:0, instance:com.gtplbanking.testCases.TC_DeleteCustomerTest_004@ff5b51f]" name="setUp" is-config="true" duration-ms="13311" started-at="2023-09-08T10:06:14Z" finished-at="2023-09-08T10:06:28Z">
          <params>
            <param index="0">
              <value>
                <![CDATA[chrome]]>
              </value>
            </param>
          </params>
          <reporter-output>
          </reporter-output>
        </test-method> <!-- setUp -->
        <test-method status="PASS" signature="deleteCustomer()[pri:0, instance:com.gtplbanking.testCases.TC_DeleteCustomerTest_004@ff5b51f]" name="deleteCustomer" duration-ms="8860" started-at="2023-09-08T10:06:28Z" finished-at="2023-09-08T10:06:36Z">
          <reporter-output>
          </reporter-output>
        </test-method> <!-- deleteCustomer -->
        <test-method status="PASS" signature="tearDown()[pri:0, instance:com.gtplbanking.testCases.TC_DeleteCustomerTest_004@ff5b51f]" name="tearDown" is-config="true" duration-ms="1280" started-at="2023-09-08T10:06:36Z" finished-at="2023-09-08T10:06:38Z">
          <reporter-output>
          </reporter-output>
        </test-method> <!-- tearDown -->
      </class> <!-- com.gtplbanking.testCases.TC_DeleteCustomerTest_004 -->
      <class name="com.gtplbanking.testCases.TC_LoginDDT_002">
        <test-method status="PASS" signature="setUp(java.lang.String)[pri:0, instance:com.gtplbanking.testCases.TC_LoginDDT_002@4566e5bd]" name="setUp" is-config="true" duration-ms="12541" started-at="2023-09-08T10:04:31Z" finished-at="2023-09-08T10:04:43Z">
          <params>
            <param index="0">
              <value>
                <![CDATA[chrome]]>
              </value>
            </param>
          </params>
          <reporter-output>
          </reporter-output>
        </test-method> <!-- setUp -->
        <test-method status="PASS" signature="loginDDT(java.lang.String, java.lang.String)[pri:0, instance:com.gtplbanking.testCases.TC_LoginDDT_002@4566e5bd]" name="loginDDT" duration-ms="13660" started-at="2023-09-08T10:04:44Z" data-provider="LoginData" finished-at="2023-09-08T10:04:58Z">
          <params>
            <param index="0">
              <value>
                <![CDATA[mngr525618]]>
              </value>
            </param>
            <param index="1">
              <value>
                <![CDATA[sUhemus]]>
              </value>
            </param>
          </params>
          <reporter-output>
          </reporter-output>
        </test-method> <!-- loginDDT -->
        <test-method status="PASS" signature="loginDDT(java.lang.String, java.lang.String)[pri:0, instance:com.gtplbanking.testCases.TC_LoginDDT_002@4566e5bd]" name="loginDDT" duration-ms="13461" started-at="2023-09-08T10:04:58Z" data-provider="LoginData" finished-at="2023-09-08T10:05:11Z">
          <params>
            <param index="0">
              <value>
                <![CDATA[mngr525619]]>
              </value>
            </param>
            <param index="1">
              <value>
                <![CDATA[nyzAqaj]]>
              </value>
            </param>
          </params>
          <reporter-output>
          </reporter-output>
        </test-method> <!-- loginDDT -->
        <test-method status="FAIL" signature="loginDDT(java.lang.String, java.lang.String)[pri:0, instance:com.gtplbanking.testCases.TC_LoginDDT_002@4566e5bd]" name="loginDDT" duration-ms="4265" started-at="2023-09-08T10:05:11Z" data-provider="LoginData" finished-at="2023-09-08T10:05:15Z">
          <params>
            <param index="0">
              <value>
                <![CDATA[mngr525621]]>
              </value>
            </param>
            <param index="1">
              <value>
                <![CDATA[EqehAsa]]>
              </value>
            </param>
          </params>
          <exception class="org.openqa.selenium.UnhandledAlertException">
            <message>
              <![CDATA[unexpected alert open: {Alert text : User or Password is not valid}
  (Session info: chrome=116.0.5845.142): User or Password is not valid
Build info: version: '4.8.3', revision: 'e5e76298c3'
System info: os.name: 'Windows 10', os.arch: 'amd64', os.version: '10.0', java.version: '1.8.0-262'
Driver info: org.openqa.selenium.chrome.ChromeDriver
Command: [97ad8a0be0ac0a6ad4e78a97b11bdc27, screenshot {}]
Capabilities {acceptInsecureCerts: false, browserName: chrome, browserVersion: 116.0.5845.142, chrome: {chromedriverVersion: 116.0.5845.96 (1a3918166880..., userDataDir: C:\Users\mohit-g\AppData\Lo...}, fedcm:accounts: true, goog:chromeOptions: {debuggerAddress: localhost:50075}, networkConnectionEnabled: false, pageLoadStrategy: normal, platformName: WINDOWS, proxy: Proxy(), se:cdp: ws://localhost:50075/devtoo..., se:cdpVersion: 116.0.5845.142, setWindowRect: true, strictFileInteractability: false, timeouts: {implicit: 0, pageLoad: 300000, script: 30000}, unhandledPromptBehavior: dismiss and notify, webauthn:extension:credBlob: true, webauthn:extension:largeBlob: true, webauthn:extension:minPinLength: true, webauthn:extension:prf: true, webauthn:virtualAuthenticators: true}
Session ID: 97ad8a0be0ac0a6ad4e78a97b11bdc27]]>
            </message>
            <full-stacktrace>
              <![CDATA[org.openqa.selenium.UnhandledAlertException: unexpected alert open: {Alert text : User or Password is not valid}
  (Session info: chrome=116.0.5845.142): User or Password is not valid
Build info: version: '4.8.3', revision: 'e5e76298c3'
System info: os.name: 'Windows 10', os.arch: 'amd64', os.version: '10.0', java.version: '1.8.0-262'
Driver info: org.openqa.selenium.chrome.ChromeDriver
Command: [97ad8a0be0ac0a6ad4e78a97b11bdc27, screenshot {}]
Capabilities {acceptInsecureCerts: false, browserName: chrome, browserVersion: 116.0.5845.142, chrome: {chromedriverVersion: 116.0.5845.96 (1a3918166880..., userDataDir: C:\Users\mohit-g\AppData\Lo...}, fedcm:accounts: true, goog:chromeOptions: {debuggerAddress: localhost:50075}, networkConnectionEnabled: false, pageLoadStrategy: normal, platformName: WINDOWS, proxy: Proxy(), se:cdp: ws://localhost:50075/devtoo..., se:cdpVersion: 116.0.5845.142, setWindowRect: true, strictFileInteractability: false, timeouts: {implicit: 0, pageLoad: 300000, script: 30000}, unhandledPromptBehavior: dismiss and notify, webauthn:extension:credBlob: true, webauthn:extension:largeBlob: true, webauthn:extension:minPinLength: true, webauthn:extension:prf: true, webauthn:virtualAuthenticators: true}
Session ID: 97ad8a0be0ac0a6ad4e78a97b11bdc27
	at org.openqa.selenium.remote.codec.w3c.W3CHttpResponseCodec.decode(W3CHttpResponseCodec.java:131)
	at org.openqa.selenium.remote.codec.w3c.W3CHttpResponseCodec.decode(W3CHttpResponseCodec.java:53)
	at org.openqa.selenium.remote.HttpCommandExecutor.execute(HttpCommandExecutor.java:193)
	at org.openqa.selenium.remote.service.DriverCommandExecutor.invokeExecute(DriverCommandExecutor.java:183)
	at org.openqa.selenium.remote.service.DriverCommandExecutor.execute(DriverCommandExecutor.java:158)
	at org.openqa.selenium.remote.RemoteWebDriver.execute(RemoteWebDriver.java:543)
	at org.openqa.selenium.remote.RemoteWebDriver.execute(RemoteWebDriver.java:598)
	at org.openqa.selenium.remote.RemoteWebDriver.execute(RemoteWebDriver.java:602)
	at org.openqa.selenium.remote.RemoteWebDriver.getScreenshotAs(RemoteWebDriver.java:318)
	at com.gtplbanking.testCases.BaseClass.captureScreen(BaseClass.java:61)
	at com.gtplbanking.testCases.TC_LoginDDT_002.loginDDT(TC_LoginDDT_002.java:39)
	at sun.reflect.NativeMethodAccessorImpl.invoke0(Native Method)
	at sun.reflect.NativeMethodAccessorImpl.invoke(NativeMethodAccessorImpl.java:62)
	at sun.reflect.DelegatingMethodAccessorImpl.invoke(DelegatingMethodAccessorImpl.java:43)
	at java.lang.reflect.Method.invoke(Method.java:498)
	at org.testng.internal.MethodInvocationHelper.invokeMethod(MethodInvocationHelper.java:108)
	at org.testng.internal.Invoker.invokeMethod(Invoker.java:661)
	at org.testng.internal.Invoker.invokeTestMethod(Invoker.java:869)
	at org.testng.internal.Invoker.invokeTestMethods(Invoker.java:1193)
	at org.testng.internal.TestMethodWorker.invokeTestMethods(TestMethodWorker.java:126)
	at org.testng.internal.TestMethodWorker.run(TestMethodWorker.java:109)
	at org.testng.TestRunner.privateRun(TestRunner.java:744)
	at org.testng.TestRunner.run(TestRunner.java:602)
	at org.testng.SuiteRunner.runTest(SuiteRunner.java:380)
	at org.testng.SuiteRunner.runSequentially(SuiteRunner.java:375)
	at org.testng.SuiteRunner.privateRun(SuiteRunner.java:340)
	at org.testng.SuiteRunner.run(SuiteRunner.java:289)
	at org.testng.SuiteRunnerWorker.runSuite(SuiteRunnerWorker.java:52)
	at org.testng.SuiteRunnerWorker.run(SuiteRunnerWorker.java:86)
	at org.testng.TestNG.runSuitesSequentially(TestNG.java:1301)
	at org.testng.TestNG.runSuitesLocally(TestNG.java:1226)
	at org.testng.TestNG.runSuites(TestNG.java:1144)
	at org.testng.TestNG.run(TestNG.java:1115)
	at org.testng.remote.AbstractRemoteTestNG.run(AbstractRemoteTestNG.java:132)
	at org.testng.remote.RemoteTestNG.initAndRun(RemoteTestNG.java:230)
	at org.testng.remote.RemoteTestNG.main(RemoteTestNG.java:76)
]]>
            </full-stacktrace>
          </exception> <!-- org.openqa.selenium.UnhandledAlertException -->
          <reporter-output>
          </reporter-output>
        </test-method> <!-- loginDDT -->
        <test-method status="PASS" signature="loginDDT(java.lang.String, java.lang.String)[pri:0, instance:com.gtplbanking.testCases.TC_LoginDDT_002@4566e5bd]" name="loginDDT" duration-ms="17955" started-at="2023-09-08T10:05:15Z" data-provider="LoginData" finished-at="2023-09-08T10:05:33Z">
          <params>
            <param index="0">
              <value>
                <![CDATA[mngr525622]]>
              </value>
            </param>
            <param index="1">
              <value>
                <![CDATA[byvydav]]>
              </value>
            </param>
          </params>
          <reporter-output>
          </reporter-output>
        </test-method> <!-- loginDDT -->
        <test-method status="FAIL" signature="loginDDT(java.lang.String, java.lang.String)[pri:0, instance:com.gtplbanking.testCases.TC_LoginDDT_002@4566e5bd]" name="loginDDT" duration-ms="4308" started-at="2023-09-08T10:05:33Z" data-provider="LoginData" finished-at="2023-09-08T10:05:38Z">
          <params>
            <param index="0">
              <value>
                <![CDATA[mngr525623]]>
              </value>
            </param>
            <param index="1">
              <value>
                <![CDATA[byvydav]]>
              </value>
            </param>
          </params>
          <exception class="org.openqa.selenium.UnhandledAlertException">
            <message>
              <![CDATA[unexpected alert open: {Alert text : User or Password is not valid}
  (Session info: chrome=116.0.5845.142): User or Password is not valid
Build info: version: '4.8.3', revision: 'e5e76298c3'
System info: os.name: 'Windows 10', os.arch: 'amd64', os.version: '10.0', java.version: '1.8.0-262'
Driver info: org.openqa.selenium.chrome.ChromeDriver
Command: [97ad8a0be0ac0a6ad4e78a97b11bdc27, screenshot {}]
Capabilities {acceptInsecureCerts: false, browserName: chrome, browserVersion: 116.0.5845.142, chrome: {chromedriverVersion: 116.0.5845.96 (1a3918166880..., userDataDir: C:\Users\mohit-g\AppData\Lo...}, fedcm:accounts: true, goog:chromeOptions: {debuggerAddress: localhost:50075}, networkConnectionEnabled: false, pageLoadStrategy: normal, platformName: WINDOWS, proxy: Proxy(), se:cdp: ws://localhost:50075/devtoo..., se:cdpVersion: 116.0.5845.142, setWindowRect: true, strictFileInteractability: false, timeouts: {implicit: 0, pageLoad: 300000, script: 30000}, unhandledPromptBehavior: dismiss and notify, webauthn:extension:credBlob: true, webauthn:extension:largeBlob: true, webauthn:extension:minPinLength: true, webauthn:extension:prf: true, webauthn:virtualAuthenticators: true}
Session ID: 97ad8a0be0ac0a6ad4e78a97b11bdc27]]>
            </message>
            <full-stacktrace>
              <![CDATA[org.openqa.selenium.UnhandledAlertException: unexpected alert open: {Alert text : User or Password is not valid}
  (Session info: chrome=116.0.5845.142): User or Password is not valid
Build info: version: '4.8.3', revision: 'e5e76298c3'
System info: os.name: 'Windows 10', os.arch: 'amd64', os.version: '10.0', java.version: '1.8.0-262'
Driver info: org.openqa.selenium.chrome.ChromeDriver
Command: [97ad8a0be0ac0a6ad4e78a97b11bdc27, screenshot {}]
Capabilities {acceptInsecureCerts: false, browserName: chrome, browserVersion: 116.0.5845.142, chrome: {chromedriverVersion: 116.0.5845.96 (1a3918166880..., userDataDir: C:\Users\mohit-g\AppData\Lo...}, fedcm:accounts: true, goog:chromeOptions: {debuggerAddress: localhost:50075}, networkConnectionEnabled: false, pageLoadStrategy: normal, platformName: WINDOWS, proxy: Proxy(), se:cdp: ws://localhost:50075/devtoo..., se:cdpVersion: 116.0.5845.142, setWindowRect: true, strictFileInteractability: false, timeouts: {implicit: 0, pageLoad: 300000, script: 30000}, unhandledPromptBehavior: dismiss and notify, webauthn:extension:credBlob: true, webauthn:extension:largeBlob: true, webauthn:extension:minPinLength: true, webauthn:extension:prf: true, webauthn:virtualAuthenticators: true}
Session ID: 97ad8a0be0ac0a6ad4e78a97b11bdc27
	at org.openqa.selenium.remote.codec.w3c.W3CHttpResponseCodec.decode(W3CHttpResponseCodec.java:131)
	at org.openqa.selenium.remote.codec.w3c.W3CHttpResponseCodec.decode(W3CHttpResponseCodec.java:53)
	at org.openqa.selenium.remote.HttpCommandExecutor.execute(HttpCommandExecutor.java:193)
	at org.openqa.selenium.remote.service.DriverCommandExecutor.invokeExecute(DriverCommandExecutor.java:183)
	at org.openqa.selenium.remote.service.DriverCommandExecutor.execute(DriverCommandExecutor.java:158)
	at org.openqa.selenium.remote.RemoteWebDriver.execute(RemoteWebDriver.java:543)
	at org.openqa.selenium.remote.RemoteWebDriver.execute(RemoteWebDriver.java:598)
	at org.openqa.selenium.remote.RemoteWebDriver.execute(RemoteWebDriver.java:602)
	at org.openqa.selenium.remote.RemoteWebDriver.getScreenshotAs(RemoteWebDriver.java:318)
	at com.gtplbanking.testCases.BaseClass.captureScreen(BaseClass.java:61)
	at com.gtplbanking.testCases.TC_LoginDDT_002.loginDDT(TC_LoginDDT_002.java:39)
	at sun.reflect.NativeMethodAccessorImpl.invoke0(Native Method)
	at sun.reflect.NativeMethodAccessorImpl.invoke(NativeMethodAccessorImpl.java:62)
	at sun.reflect.DelegatingMethodAccessorImpl.invoke(DelegatingMethodAccessorImpl.java:43)
	at java.lang.reflect.Method.invoke(Method.java:498)
	at org.testng.internal.MethodInvocationHelper.invokeMethod(MethodInvocationHelper.java:108)
	at org.testng.internal.Invoker.invokeMethod(Invoker.java:661)
	at org.testng.internal.Invoker.invokeTestMethod(Invoker.java:869)
	at org.testng.internal.Invoker.invokeTestMethods(Invoker.java:1193)
	at org.testng.internal.TestMethodWorker.invokeTestMethods(TestMethodWorker.java:126)
	at org.testng.internal.TestMethodWorker.run(TestMethodWorker.java:109)
	at org.testng.TestRunner.privateRun(TestRunner.java:744)
	at org.testng.TestRunner.run(TestRunner.java:602)
	at org.testng.SuiteRunner.runTest(SuiteRunner.java:380)
	at org.testng.SuiteRunner.runSequentially(SuiteRunner.java:375)
	at org.testng.SuiteRunner.privateRun(SuiteRunner.java:340)
	at org.testng.SuiteRunner.run(SuiteRunner.java:289)
	at org.testng.SuiteRunnerWorker.runSuite(SuiteRunnerWorker.java:52)
	at org.testng.SuiteRunnerWorker.run(SuiteRunnerWorker.java:86)
	at org.testng.TestNG.runSuitesSequentially(TestNG.java:1301)
	at org.testng.TestNG.runSuitesLocally(TestNG.java:1226)
	at org.testng.TestNG.runSuites(TestNG.java:1144)
	at org.testng.TestNG.run(TestNG.java:1115)
	at org.testng.remote.AbstractRemoteTestNG.run(AbstractRemoteTestNG.java:132)
	at org.testng.remote.RemoteTestNG.initAndRun(RemoteTestNG.java:230)
	at org.testng.remote.RemoteTestNG.main(RemoteTestNG.java:76)
]]>
            </full-stacktrace>
          </exception> <!-- org.openqa.selenium.UnhandledAlertException -->
          <reporter-output>
          </reporter-output>
        </test-method> <!-- loginDDT -->
        <test-method status="PASS" signature="tearDown()[pri:0, instance:com.gtplbanking.testCases.TC_LoginDDT_002@4566e5bd]" name="tearDown" is-config="true" duration-ms="1342" started-at="2023-09-08T10:05:38Z" finished-at="2023-09-08T10:05:39Z">
          <reporter-output>
          </reporter-output>
        </test-method> <!-- tearDown -->
      </class> <!-- com.gtplbanking.testCases.TC_LoginDDT_002 -->
    </test> <!-- BankingApp Test -->
  </suite> <!-- GPTL_Bank_V1 -->
</testng-results>
